<?xml version="1.0" encoding="UTF-8"?>
<testng-results ignored="0" total="1" passed="1" failed="0" skipped="0">
  <reporter-output>
  </reporter-output>
  <suite started-at="2025-01-14T20:31:50 IST" name="Default suite" finished-at="2025-01-14T20:31:54 IST" duration-ms="4473">
    <groups>
    </groups>
    <test started-at="2025-01-14T20:31:50 IST" name="Default test" finished-at="2025-01-14T20:31:54 IST" duration-ms="4473">
      <class name="com.patInformed.api.tests.SearchAPITest">
        <test-method signature="searchTest()[pri:0, instance:com.patInformed.api.tests.SearchAPITest@55141def]" started-at="2025-01-14T20:31:50 IST" name="searchTest" description="Verify if the Search Functionality is working fine ..." finished-at="2025-01-14T20:31:54 IST" duration-ms="4383" status="PASS">
          <reporter-output>
          </reporter-output>
        </test-method> <!-- searchTest -->
      </class> <!-- com.patInformed.api.tests.SearchAPITest -->
    </test> <!-- Default test -->
  </suite> <!-- Default suite -->
</testng-results>
